[ 2017-03-12T11:16:43+08:00 ] 127.0.0.1 /favicon.ico
INFO: [ app_init ] --START--
INFO: Run Behavior\BuildLiteBehavior [ RunTime:0.000000s ]
INFO: [ app_init ] --END-- [ RunTime:0.002501s ]
ERR: 无法加载模块:Favicon

[ 2017-03-12T11:20:01+08:00 ] 127.0.0.1 /Public/home/images/zoomloader.gif
INFO: [ app_init ] --START--
INFO: Run Behavior\BuildLiteBehavior [ RunTime:0.000000s ]
INFO: [ app_init ] --END-- [ RunTime:0.002500s ]
ERR: 无法加载模块:Public

[ 2017-03-12T18:36:40+08:00 ] 127.0.0.1 /favicon.ico
INFO: [ app_init ] --START--
INFO: Run Behavior\BuildLiteBehavior [ RunTime:0.000000s ]
INFO: [ app_init ] --END-- [ RunTime:0.012500s ]
ERR: 无法加载模块:Favicon

[ 2017-03-12T18:36:48+08:00 ] 127.0.0.1 /Public/upload/bigsmall/2017-03-03/mid_58b8dfd7be47d.png
INFO: [ app_init ] --START--
INFO: Run Behavior\BuildLiteBehavior [ RunTime:0.000000s ]
INFO: [ app_init ] --END-- [ RunTime:0.002500s ]
ERR: 无法加载模块:Public

[ 2017-03-12T18:36:48+08:00 ] 127.0.0.1 /Public/upload/bigsmall/2017-03-03/sma_58b8dfd7be47d.png
INFO: [ app_init ] --START--
INFO: Run Behavior\BuildLiteBehavior [ RunTime:0.000000s ]
INFO: [ app_init ] --END-- [ RunTime:0.005000s ]
ERR: 无法加载模块:Public

[ 2017-03-12T18:36:48+08:00 ] 127.0.0.1 /Public/upload/bigsmall/2017-03-03/mid_58b8dfd7be47d.png
INFO: [ app_init ] --START--
INFO: Run Behavior\BuildLiteBehavior [ RunTime:0.000000s ]
INFO: [ app_init ] --END-- [ RunTime:0.003000s ]
ERR: 无法加载模块:Public

[ 2017-03-12T18:55:07+08:00 ] 127.0.0.1 /Public/upload/bigsmall/2017-03-03/mid_58b8dfd7be47d.png
INFO: [ app_init ] --START--
INFO: Run Behavior\BuildLiteBehavior [ RunTime:0.000000s ]
INFO: [ app_init ] --END-- [ RunTime:0.003000s ]
ERR: 无法加载模块:Public

[ 2017-03-12T18:55:08+08:00 ] 127.0.0.1 /Public/upload/bigsmall/2017-03-03/sma_58b8dfd7be47d.png
INFO: [ app_init ] --START--
INFO: Run Behavior\BuildLiteBehavior [ RunTime:0.001000s ]
INFO: [ app_init ] --END-- [ RunTime:0.003001s ]
ERR: 无法加载模块:Public

[ 2017-03-12T19:02:07+08:00 ] 127.0.0.1 /Public/upload/bigsmall/2017-03-03/mid_58b8dfd7be47d.png
INFO: [ app_init ] --START--
INFO: Run Behavior\BuildLiteBehavior [ RunTime:0.000000s ]
INFO: [ app_init ] --END-- [ RunTime:0.002000s ]
ERR: 无法加载模块:Public

[ 2017-03-12T19:02:08+08:00 ] 127.0.0.1 /Public/upload/bigsmall/2017-03-03/mid_58b8dfd7be47d.png
INFO: [ app_init ] --START--
INFO: Run Behavior\BuildLiteBehavior [ RunTime:0.000000s ]
INFO: [ app_init ] --END-- [ RunTime:0.003000s ]
ERR: 无法加载模块:Public

[ 2017-03-12T19:02:08+08:00 ] 127.0.0.1 /Public/upload/bigsmall/2017-03-03/sma_58b8dfd7be47d.png
INFO: [ app_init ] --START--
INFO: Run Behavior\BuildLiteBehavior [ RunTime:0.000000s ]
INFO: [ app_init ] --END-- [ RunTime:0.002000s ]
ERR: 无法加载模块:Public

[ 2017-03-12T19:05:07+08:00 ] 127.0.0.1 /index.php/index.php/Home/shop/flow2.html.html
INFO: [ app_init ] --START--
INFO: Run Behavior\BuildLiteBehavior [ RunTime:0.000000s ]
INFO: [ app_init ] --END-- [ RunTime:0.003000s ]
ERR: 无法加载模块:Index.php

[ 2017-03-12T19:05:37+08:00 ] 127.0.0.1 /index.php/index.php/Home/shop/flow2.html.html
INFO: [ app_init ] --START--
INFO: Run Behavior\BuildLiteBehavior [ RunTime:0.000000s ]
INFO: [ app_init ] --END-- [ RunTime:0.001000s ]
ERR: 无法加载模块:Index.php

[ 2017-03-12T19:06:05+08:00 ] 127.0.0.1 /index.php/index.php/Home/shop/flow2.html.html
INFO: [ app_init ] --START--
INFO: Run Behavior\BuildLiteBehavior [ RunTime:0.000000s ]
INFO: [ app_init ] --END-- [ RunTime:0.003000s ]
ERR: 无法加载模块:Index.php

[ 2017-03-12T19:07:28+08:00 ] 127.0.0.1 /index.php/index.php/Home/shop/flow2.html.html
INFO: [ app_init ] --START--
INFO: Run Behavior\BuildLiteBehavior [ RunTime:0.000000s ]
INFO: [ app_init ] --END-- [ RunTime:0.005000s ]
ERR: 无法加载模块:Index.php

[ 2017-03-12T19:08:57+08:00 ] 127.0.0.1 /index.php/index.php/home/shop/flow2.html
INFO: [ app_init ] --START--
INFO: Run Behavior\BuildLiteBehavior [ RunTime:0.000000s ]
INFO: [ app_init ] --END-- [ RunTime:0.003000s ]
ERR: 无法加载模块:Index.php

[ 2017-03-12T19:12:09+08:00 ] 127.0.0.1 /Public/upload/bigsmall/2017-03-03/mid_58b8dfd7be47d.png
INFO: [ app_init ] --START--
INFO: Run Behavior\BuildLiteBehavior [ RunTime:0.000000s ]
INFO: [ app_init ] --END-- [ RunTime:0.001000s ]
ERR: 无法加载模块:Public

[ 2017-03-12T19:12:09+08:00 ] 127.0.0.1 /Public/upload/bigsmall/2017-03-03/sma_58b8dfd7be47d.png
INFO: [ app_init ] --START--
INFO: Run Behavior\BuildLiteBehavior [ RunTime:0.000000s ]
INFO: [ app_init ] --END-- [ RunTime:0.002000s ]
ERR: 无法加载模块:Public

[ 2017-03-12T19:12:09+08:00 ] 127.0.0.1 /Public/upload/bigsmall/2017-03-03/mid_58b8dfd7be47d.png
INFO: [ app_init ] --START--
INFO: Run Behavior\BuildLiteBehavior [ RunTime:0.000000s ]
INFO: [ app_init ] --END-- [ RunTime:0.003001s ]
ERR: 无法加载模块:Public

[ 2017-03-12T19:12:09+08:00 ] 127.0.0.1 /Public/upload/bigsmall/2017-03-03/sma_58b8dfd7be47d.png
INFO: [ app_init ] --START--
INFO: Run Behavior\BuildLiteBehavior [ RunTime:0.000000s ]
INFO: [ app_init ] --END-- [ RunTime:0.002000s ]
ERR: 无法加载模块:Public

[ 2017-03-12T19:14:41+08:00 ] 127.0.0.1 /Public/upload/bigsmall/2017-03-03/mid_58b8dfd7be47d.png
INFO: [ app_init ] --START--
INFO: Run Behavior\BuildLiteBehavior [ RunTime:0.000000s ]
INFO: [ app_init ] --END-- [ RunTime:0.002000s ]
ERR: 无法加载模块:Public

[ 2017-03-12T19:14:41+08:00 ] 127.0.0.1 /Public/upload/bigsmall/2017-03-03/sma_58b8dfd7be47d.png
INFO: [ app_init ] --START--
INFO: Run Behavior\BuildLiteBehavior [ RunTime:0.000000s ]
INFO: [ app_init ] --END-- [ RunTime:0.002000s ]
ERR: 无法加载模块:Public

[ 2017-03-12T19:14:41+08:00 ] 127.0.0.1 /Public/upload/bigsmall/2017-03-03/mid_58b8dfd7be47d.png
INFO: [ app_init ] --START--
INFO: Run Behavior\BuildLiteBehavior [ RunTime:0.000000s ]
INFO: [ app_init ] --END-- [ RunTime:0.002000s ]
ERR: 无法加载模块:Public

[ 2017-03-12T19:14:41+08:00 ] 127.0.0.1 /Public/upload/bigsmall/2017-03-03/sma_58b8dfd7be47d.png
INFO: [ app_init ] --START--
INFO: Run Behavior\BuildLiteBehavior [ RunTime:0.000000s ]
INFO: [ app_init ] --END-- [ RunTime:0.002001s ]
ERR: 无法加载模块:Public

[ 2017-03-12T19:16:03+08:00 ] 127.0.0.1 /index.php/index.php/Home/shop/flow2.html.html
INFO: [ app_init ] --START--
INFO: Run Behavior\BuildLiteBehavior [ RunTime:0.000000s ]
INFO: [ app_init ] --END-- [ RunTime:0.002000s ]
ERR: 无法加载模块:Index.php

[ 2017-03-12T19:18:40+08:00 ] 127.0.0.1 /index.php/index.php/Home/shop/flow2.html.html
INFO: [ app_init ] --START--
INFO: Run Behavior\BuildLiteBehavior [ RunTime:0.001000s ]
INFO: [ app_init ] --END-- [ RunTime:0.002000s ]
ERR: 无法加载模块:Index.php

[ 2017-03-12T19:18:55+08:00 ] 127.0.0.1 /index.php/index.php/Home/shop/flow2.html.html
INFO: [ app_init ] --START--
INFO: Run Behavior\BuildLiteBehavior [ RunTime:0.000000s ]
INFO: [ app_init ] --END-- [ RunTime:0.002000s ]
ERR: 无法加载模块:Index.php

[ 2017-03-12T19:19:30+08:00 ] 127.0.0.1 /Public/upload/bigsmall/2017-03-03/mid_58b8dfd7be47d.png
INFO: [ app_init ] --START--
INFO: Run Behavior\BuildLiteBehavior [ RunTime:0.000000s ]
INFO: [ app_init ] --END-- [ RunTime:0.003001s ]
ERR: 无法加载模块:Public

[ 2017-03-12T19:19:30+08:00 ] 127.0.0.1 /Public/upload/bigsmall/2017-03-03/sma_58b8dfd7be47d.png
INFO: [ app_init ] --START--
INFO: Run Behavior\BuildLiteBehavior [ RunTime:0.000000s ]
INFO: [ app_init ] --END-- [ RunTime:0.001001s ]
ERR: 无法加载模块:Public

[ 2017-03-12T19:19:30+08:00 ] 127.0.0.1 /Public/upload/bigsmall/2017-03-03/mid_58b8dfd7be47d.png
INFO: [ app_init ] --START--
INFO: Run Behavior\BuildLiteBehavior [ RunTime:0.000000s ]
INFO: [ app_init ] --END-- [ RunTime:0.002000s ]
ERR: 无法加载模块:Public

[ 2017-03-12T19:19:30+08:00 ] 127.0.0.1 /Public/upload/bigsmall/2017-03-03/sma_58b8dfd7be47d.png
INFO: [ app_init ] --START--
INFO: Run Behavior\BuildLiteBehavior [ RunTime:0.001000s ]
INFO: [ app_init ] --END-- [ RunTime:0.004001s ]
ERR: 无法加载模块:Public

